SQL> CREATE OR REPLACE PACKAGE CustomerManagement AS
  2      PROCEDURE AddNewCustomer(
  3          p_customerID IN NUMBER,
  4          p_name IN VARCHAR2,
  5          p_dob IN DATE,
  6          p_balance IN NUMBER
  7      );
  8  
  9      PROCEDURE UpdateCustomerDetails(
 10          p_customerID IN NUMBER,
 11          p_name IN VARCHAR2,
 12          p_dob IN DATE,
 13          p_balance IN NUMBER
 14      );
 15  
 16      FUNCTION GetCustomerBalance(
 17          p_customerID IN NUMBER
 18      ) RETURN NUMBER;
 19  END CustomerManagement;
 20  /

Package created.

SQL> CREATE OR REPLACE PACKAGE BODY CustomerManagement AS
  2  
  3      PROCEDURE AddNewCustomer(
  4          p_customerID IN NUMBER,
  5          p_name IN VARCHAR2,
  6          p_dob IN DATE,
  7          p_balance IN NUMBER
  8      ) IS
  9      BEGIN
 10          BEGIN
 11              INSERT INTO Customers (CustomerID, Name, DOB, Balance, LastModified)
 12              VALUES (p_customerID, p_name, p_dob, p_balance, SYSDATE);
 13              COMMIT;
 14          EXCEPTION
 15              WHEN DUP_VAL_ON_INDEX THEN
 16                  DBMS_OUTPUT.PUT_LINE('Customer ID already exists.');
 17                  ROLLBACK;
 18              WHEN OTHERS THEN
 19                  DBMS_OUTPUT.PUT_LINE('An error occurred: ' || SQLERRM);
 20                  ROLLBACK;
 21          END;
 22      END;
 23  
 24      PROCEDURE UpdateCustomerDetails(
 25          p_customerID IN NUMBER,
 26          p_name IN VARCHAR2,
 27          p_dob IN DATE,
 28          p_balance IN NUMBER
 29      ) IS
 30      BEGIN
 31          BEGIN
 32              UPDATE Customers
 33              SET Name = p_name,
 34                  DOB = p_dob,
 35                  Balance = p_balance,
 36                  LastModified = SYSDATE
 37              WHERE CustomerID = p_customerID;
 38  
 39              IF SQL%ROWCOUNT = 0 THEN
 40                  DBMS_OUTPUT.PUT_LINE('No customer found with the provided ID.');
 41                  ROLLBACK;
 42              ELSE
 43                  COMMIT;
 44              END IF;
 45          EXCEPTION
 46              WHEN OTHERS THEN
 47                  DBMS_OUTPUT.PUT_LINE('An error occurred: ' || SQLERRM);
 48                  ROLLBACK;
 49          END;
 50      END;
 51  
 52      FUNCTION GetCustomerBalance(
 53          p_customerID IN NUMBER
 54      ) RETURN NUMBER IS
 55          v_balance NUMBER;
 56      BEGIN
 57          BEGIN
 58              SELECT Balance INTO v_balance
 59              FROM Customers
 60              WHERE CustomerID = p_customerID;
 61  
 62              RETURN v_balance;
 63          EXCEPTION
 64              WHEN NO_DATA_FOUND THEN
 65                  DBMS_OUTPUT.PUT_LINE('No customer found with the provided ID.');
 66                  RETURN NULL;
 67              WHEN OTHERS THEN
 68                  DBMS_OUTPUT.PUT_LINE('An error occurred: ' || SQLERRM);
 69                  RETURN NULL;
 70          END;
 71      END;
 72  
 73  END CustomerManagement;
 74  /

Package Body created

