SQL> CREATE OR REPLACE FUNCTION CalculateMonthlyInstallment (
  2      p_loan_amount NUMBER,
  3      p_interest_rate NUMBER,
  4      p_loan_duration_years NUMBER
  5  ) RETURN NUMBER IS
  6      v_monthly_interest_rate NUMBER;
  7      v_number_of_payments NUMBER;
  8      v_monthly_installment NUMBER;
  9  BEGIN
 10      -- Calculate monthly interest rate and number of payments
 11      v_monthly_interest_rate := p_interest_rate / 12 / 100;
 12      v_number_of_payments := p_loan_duration_years * 12;
 13  
 14      -- Calculate monthly installment using the formula for an annuity
 15      v_monthly_installment := p_loan_amount * v_monthly_interest_rate /
 16                              (1 - POWER(1 + v_monthly_interest_rate, -v_number_of_payments));
 17  
 18      RETURN v_monthly_installment;
 19  END CalculateMonthlyInstallment;
 20  /

Function created.

SQL> spool off
